<?xml version="1.0" encoding="UTF-8"?>
<!-- Generated by org.testng.reporters.JUnitXMLReporter -->
<testsuite hostname="ATMECSINLT-135" ignored="0" name="admin" tests="2" failures="1" timestamp="2019-07-23T19:59:48 IST" time="23.86" errors="0">
  <testcase name="testAddEmplyoyee" time="20.403" classname="com.app.OrangeHrm.TestScripts.PIMAddEmployee"/>
  <testcase name="testAddEmplyoyee" time="20.671" classname="com.app.OrangeHrm.TestScripts.PIMAddEmployee">
    <failure type="java.lang.NullPointerException">
      <![CDATA[java.lang.NullPointerException
at com.app.OrangeHrm.utils.extentreport.testlistners.TestListener.onTestSuccess(TestListener.java:44)
... Removed 25 stack frames]]>
    </failure>
  </testcase> <!-- testAddEmplyoyee -->
</testsuite> <!-- admin -->
