<?xml version="1.0" encoding="UTF-8"?>
<testng-results skipped="0" failed="0" ignored="0" total="1" passed="1">
  <reporter-output>
  </reporter-output>
  <suite name="Default suite" duration-ms="22301" started-at="2019-07-23T17:55:34 IST" finished-at="2019-07-23T17:55:56 IST">
    <groups>
    </groups>
    <test name="Default test" duration-ms="22301" started-at="2019-07-23T17:55:34 IST" finished-at="2019-07-23T17:55:56 IST">
      <class name="com.app.OrangeHrm.TestScripts.PIMAddEmployee">
        <test-method status="PASS" signature="preSetup()[pri:0, instance:com.app.OrangeHrm.TestScripts.PIMAddEmployee@2286778]" name="preSetup" is-config="true" duration-ms="30" started-at="2019-07-23T17:55:34 IST" finished-at="2019-07-23T17:55:34 IST">
          <reporter-output>
          </reporter-output>
        </test-method> <!-- preSetup -->
        <test-method status="PASS" signature="prSetup()[pri:0, instance:com.app.OrangeHrm.TestScripts.PIMAddEmployee@2286778]" name="prSetup" is-config="true" duration-ms="1018" started-at="2019-07-23T17:55:34 IST" finished-at="2019-07-23T17:55:35 IST">
          <reporter-output>
          </reporter-output>
        </test-method> <!-- prSetup -->
        <test-method status="PASS" signature="testAddEmplyoyee()[pri:0, instance:com.app.OrangeHrm.TestScripts.PIMAddEmployee@2286778]" name="testAddEmplyoyee" duration-ms="20224" started-at="2019-07-23T17:55:35 IST" finished-at="2019-07-23T17:55:55 IST">
          <reporter-output>
          </reporter-output>
        </test-method> <!-- testAddEmplyoyee -->
        <test-method status="PASS" signature="tearDown()[pri:0, instance:com.app.OrangeHrm.TestScripts.PIMAddEmployee@2286778]" name="tearDown" is-config="true" duration-ms="1008" started-at="2019-07-23T17:55:55 IST" finished-at="2019-07-23T17:55:56 IST">
          <reporter-output>
          </reporter-output>
        </test-method> <!-- tearDown -->
        <test-method status="PASS" signature="teardown()[pri:0, instance:com.app.OrangeHrm.TestScripts.PIMAddEmployee@2286778]" name="teardown" is-config="true" duration-ms="3" started-at="2019-07-23T17:55:57 IST" finished-at="2019-07-23T17:55:57 IST">
          <reporter-output>
          </reporter-output>
        </test-method> <!-- teardown -->
      </class> <!-- com.app.OrangeHrm.TestScripts.PIMAddEmployee -->
    </test> <!-- Default test -->
  </suite> <!-- Default suite -->
</testng-results>
